<?xml version="1.0" encoding="UTF-8" ?>
<testsuite failures="0" time="0.032" errors="0" skipped="0" tests="1" name="jp.co.insource.AppTest">
  <properties>
    <property name="java.runtime.name" value="Java(TM) SE Runtime Environment"/>
    <property name="sun.boot.library.path" value="C:\Program Files\Java\jdk1.6.0_27\jre\bin"/>
    <property name="java.vm.version" value="20.2-b06"/>
    <property name="java.vm.vendor" value="Sun Microsystems Inc."/>
    <property name="java.vendor.url" value="http://java.sun.com/"/>
    <property name="path.separator" value=";"/>
    <property name="java.vm.name" value="Java HotSpot(TM) Client VM"/>
    <property name="file.encoding.pkg" value="sun.io"/>
    <property name="user.country" value="JP"/>
    <property name="sun.java.launcher" value="SUN_STANDARD"/>
    <property name="sun.os.patch.level" value="Service Pack 3"/>
    <property name="java.vm.specification.name" value="Java Virtual Machine Specification"/>
    <property name="user.dir" value="C:\workspace\pdf-encryptor"/>
    <property name="java.runtime.version" value="1.6.0_27-b07"/>
    <property name="java.awt.graphicsenv" value="sun.awt.Win32GraphicsEnvironment"/>
    <property name="basedir" value="C:\workspace\pdf-encryptor"/>
    <property name="java.endorsed.dirs" value="C:\Program Files\Java\jdk1.6.0_27\jre\lib\endorsed"/>
    <property name="os.arch" value="x86"/>
    <property name="surefire.real.class.path" value="C:\DOCUME~1\SUC302~1.INS\LOCALS~1\Temp\surefirebooter1652769225056628593.jar"/>
    <property name="java.io.tmpdir" value="C:\DOCUME~1\SUC302~1.INS\LOCALS~1\Temp\"/>
    <property name="line.separator" value="
"/>
    <property name="java.vm.specification.vendor" value="Sun Microsystems Inc."/>
    <property name="user.variant" value=""/>
    <property name="os.name" value="Windows XP"/>
    <property name="sun.jnu.encoding" value="MS932"/>
    <property name="java.library.path" value="C:\Program Files\Java\jdk1.6.0_27\jre\bin;C:\WINDOWS\Sun\Java\bin;C:\WINDOWS\system32;C:\WINDOWS;C:/Program Files/Java/jdk1.6.0_27/jre/bin/client;C:/Program Files/Java/jdk1.6.0_27/jre/bin;C:/Program Files/Java/jdk1.6.0_27/jre/lib/i386;C:\apache-maven-2.2.1\bin;C:\Program Files\Java\jdk1.6.0_27\jre\bin;C:\Program Files\AMD APP\bin\x86;C:\WINDOWS\system32;C:\WINDOWS;C:\WINDOWS\System32\Wbem;C:\Program Files\ATI Technologies\ATI.ACE\Core-Static;c:\Program Files\Microsoft SQL Server\90\Tools\binn\;C:\xampp\php;C:\xampp\php\ext;C:\Program Files\Microsoft SQL Server\90\Tools\Binn;C:\workspace\pocahontas\pocahontas\cake\console;C:\workspace\pocahontas\forbidden\bin;C:\xampp\mysql\bin;C:\apache-maven-2.2.1\bin;C:\Program Files\QuickTime\QTSystem\;C:\Documents and Settings\suc302.INSOURCE\My Documents\software\eclipse;;."/>
    <property name="surefire.test.class.path" value="C:\workspace\pdf-encryptor\target\test-classes;C:\workspace\pdf-encryptor\target\classes;C:\Documents and Settings\suc302.INSOURCE\.m2\repository\junit\junit\3.8.1\junit-3.8.1.jar;C:\Documents and Settings\suc302.INSOURCE\.m2\repository\commons-io\commons-io\2.4\commons-io-2.4.jar;C:\Documents and Settings\suc302.INSOURCE\.m2\repository\org\apache\pdfbox\pdfbox\1.8.2\pdfbox-1.8.2.jar;C:\Documents and Settings\suc302.INSOURCE\.m2\repository\org\apache\pdfbox\fontbox\1.8.2\fontbox-1.8.2.jar;C:\Documents and Settings\suc302.INSOURCE\.m2\repository\commons-logging\commons-logging\1.1.1\commons-logging-1.1.1.jar;C:\Documents and Settings\suc302.INSOURCE\.m2\repository\org\apache\pdfbox\jempbox\1.8.2\jempbox-1.8.2.jar;C:\Documents and Settings\suc302.INSOURCE\.m2\repository\commons-lang\commons-lang\2.6\commons-lang-2.6.jar;C:\Documents and Settings\suc302.INSOURCE\.m2\repository\bouncycastle\bcprov-jdk16\140\bcprov-jdk16-140.jar;"/>
    <property name="java.specification.name" value="Java Platform API Specification"/>
    <property name="java.class.version" value="50.0"/>
    <property name="sun.management.compiler" value="HotSpot Client Compiler"/>
    <property name="os.version" value="5.1"/>
    <property name="user.home" value="C:\Documents and Settings\suc302.INSOURCE"/>
    <property name="user.timezone" value=""/>
    <property name="java.awt.printerjob" value="sun.awt.windows.WPrinterJob"/>
    <property name="java.specification.version" value="1.6"/>
    <property name="file.encoding" value="MS932"/>
    <property name="user.name" value="suc302"/>
    <property name="java.class.path" value="C:\workspace\pdf-encryptor\target\test-classes;C:\workspace\pdf-encryptor\target\classes;C:\Documents and Settings\suc302.INSOURCE\.m2\repository\junit\junit\3.8.1\junit-3.8.1.jar;C:\Documents and Settings\suc302.INSOURCE\.m2\repository\commons-io\commons-io\2.4\commons-io-2.4.jar;C:\Documents and Settings\suc302.INSOURCE\.m2\repository\org\apache\pdfbox\pdfbox\1.8.2\pdfbox-1.8.2.jar;C:\Documents and Settings\suc302.INSOURCE\.m2\repository\org\apache\pdfbox\fontbox\1.8.2\fontbox-1.8.2.jar;C:\Documents and Settings\suc302.INSOURCE\.m2\repository\commons-logging\commons-logging\1.1.1\commons-logging-1.1.1.jar;C:\Documents and Settings\suc302.INSOURCE\.m2\repository\org\apache\pdfbox\jempbox\1.8.2\jempbox-1.8.2.jar;C:\Documents and Settings\suc302.INSOURCE\.m2\repository\commons-lang\commons-lang\2.6\commons-lang-2.6.jar;C:\Documents and Settings\suc302.INSOURCE\.m2\repository\bouncycastle\bcprov-jdk16\140\bcprov-jdk16-140.jar;"/>
    <property name="java.vm.specification.version" value="1.0"/>
    <property name="sun.arch.data.model" value="32"/>
    <property name="java.home" value="C:\Program Files\Java\jdk1.6.0_27\jre"/>
    <property name="sun.java.command" value="C:\DOCUME~1\SUC302~1.INS\LOCALS~1\Temp\surefirebooter1652769225056628593.jar C:\DOCUME~1\SUC302~1.INS\LOCALS~1\Temp\surefire893958966029189266tmp C:\DOCUME~1\SUC302~1.INS\LOCALS~1\Temp\surefire3988203470294618305tmp"/>
    <property name="java.specification.vendor" value="Sun Microsystems Inc."/>
    <property name="user.language" value="ja"/>
    <property name="awt.toolkit" value="sun.awt.windows.WToolkit"/>
    <property name="java.vm.info" value="mixed mode, sharing"/>
    <property name="java.version" value="1.6.0_27"/>
    <property name="java.ext.dirs" value="C:\Program Files\Java\jdk1.6.0_27\jre\lib\ext;C:\WINDOWS\Sun\Java\lib\ext"/>
    <property name="sun.boot.class.path" value="C:\Program Files\Java\jdk1.6.0_27\jre\lib\resources.jar;C:\Program Files\Java\jdk1.6.0_27\jre\lib\rt.jar;C:\Program Files\Java\jdk1.6.0_27\jre\lib\sunrsasign.jar;C:\Program Files\Java\jdk1.6.0_27\jre\lib\jsse.jar;C:\Program Files\Java\jdk1.6.0_27\jre\lib\jce.jar;C:\Program Files\Java\jdk1.6.0_27\jre\lib\charsets.jar;C:\Program Files\Java\jdk1.6.0_27\jre\lib\modules\jdk.boot.jar;C:\Program Files\Java\jdk1.6.0_27\jre\classes"/>
    <property name="java.vendor" value="Sun Microsystems Inc."/>
    <property name="localRepository" value="C:\Documents and Settings\suc302.INSOURCE\.m2\repository"/>
    <property name="file.separator" value="\"/>
    <property name="java.vendor.url.bug" value="http://java.sun.com/cgi-bin/bugreport.cgi"/>
    <property name="sun.cpu.endian" value="little"/>
    <property name="sun.io.unicode.encoding" value="UnicodeLittle"/>
    <property name="sun.desktop" value="windows"/>
    <property name="sun.cpu.isalist" value=""/>
  </properties>
  <testcase time="0" classname="jp.co.insource.AppTest" name="testApp"/>
</testsuite>